[    0.000000] Linux version 4.15.0-88-generic (buildd@lgw01-amd64-036) (gcc version 7.4.0 (Ubuntu 7.4.0-1ubuntu1~18.04.1)) #88-Ubuntu SMP Tue Feb 11 20:11:34 UTC 2020 (Ubuntu 4.15.0-88.88-generic 4.15.18)
[    0.000000] Command line: BOOT_IMAGE=/boot/vmlinuz-4.15.0-88-generic root=LABEL=cloudimg-rootfs ro console=tty1 console=ttyS0
[    0.000000] KERNEL supported cpus:
[    0.000000]   Intel GenuineIntel
[    0.000000]   AMD AuthenticAMD
[    0.000000]   Centaur CentaurHauls
[    0.000000] x86/fpu: Supporting XSAVE feature 0x001: 'x87 floating point registers'
[    0.000000] x86/fpu: Supporting XSAVE feature 0x002: 'SSE registers'
[    0.000000] x86/fpu: Supporting XSAVE feature 0x004: 'AVX registers'
[    0.000000] x86/fpu: xstate_offset[2]:  576, xstate_sizes[2]:  256
[    0.000000] x86/fpu: Enabled xstate features 0x7, context size is 832 bytes, using 'standard' format.
[    0.000000] e820: BIOS-provided physical RAM map:
[    0.000000] BIOS-e820: [mem 0x0000000000000000-0x000000000009fbff] usable
[    0.000000] BIOS-e820: [mem 0x000000000009fc00-0x000000000009ffff] reserved
[    0.000000] BIOS-e820: [mem 0x00000000000f0000-0x00000000000fffff] reserved
[    0.000000] BIOS-e820: [mem 0x0000000000100000-0x000000003ffeffff] usable
[    0.000000] BIOS-e820: [mem 0x000000003fff0000-0x000000003fffffff] ACPI data
[    0.000000] BIOS-e820: [mem 0x00000000fec00000-0x00000000fec00fff] reserved
[    0.000000] BIOS-e820: [mem 0x00000000fee00000-0x00000000fee00fff] reserved
[    0.000000] BIOS-e820: [mem 0x00000000fffc0000-0x00000000ffffffff] reserved
[    0.000000] NX (Execute Disable) protection: active
[    0.000000] SMBIOS 2.5 present.
[    0.000000] DMI: innotek GmbH VirtualBox/VirtualBox, BIOS VirtualBox 12/01/2006
[    0.000000] Hypervisor detected: KVM
[    0.000000] e820: last_pfn = 0x3fff0 max_arch_pfn = 0x400000000
[    0.000000] MTRR: Disabled
[    0.000000] x86/PAT: MTRRs disabled, skipping PAT initialization too.
[    0.000000] CPU MTRRs all blank - virtualized system.
[    0.000000] x86/PAT: Configuration [0-7]: WB  WT  UC- UC  WB  WT  UC- UC  
[    0.000000] found SMP MP-table at [mem 0x0009fff0-0x0009ffff]
[    0.000000] Scanning 1 areas for low memory corruption
[    0.000000] RAMDISK: [mem 0x35a6d000-0x36d2dfff]
[    0.000000] ACPI: Early table checksum verification disabled
[    0.000000] ACPI: RSDP 0x00000000000E0000 000024 (v02 VBOX  )
[    0.000000] ACPI: XSDT 0x000000003FFF0030 00003C (v01 VBOX   VBOXXSDT 00000001 ASL  00000061)
[    0.000000] ACPI: FACP 0x000000003FFF00F0 0000F4 (v04 VBOX   VBOXFACP 00000001 ASL  00000061)
[    0.000000] ACPI: DSDT 0x000000003FFF0470 0021FF (v02 VBOX   VBOXBIOS 00000002 INTL 20180105)
[    0.000000] ACPI: FACS 0x000000003FFF0200 000040
[    0.000000] ACPI: FACS 0x000000003FFF0200 000040
[    0.000000] ACPI: APIC 0x000000003FFF0240 00005C (v02 VBOX   VBOXAPIC 00000001 ASL  00000061)
[    0.000000] ACPI: SSDT 0x000000003FFF02A0 0001CC (v01 VBOX   VBOXCPUT 00000002 INTL 20180105)
[    0.000000] No NUMA configuration found
[    0.000000] Faking a node at [mem 0x0000000000000000-0x000000003ffeffff]
[    0.000000] NODE_DATA(0) allocated [mem 0x3ffc5000-0x3ffeffff]
[    0.000000] kvm-clock: cpu 0, msr 0:3ff44001, primary cpu clock
[    0.000000] kvm-clock: Using msrs 4b564d01 and 4b564d00
[    0.000000] kvm-clock: using sched offset of 3854941720 cycles
[    0.000000] clocksource: kvm-clock: mask: 0xffffffffffffffff max_cycles: 0x1cd42e4dffb, max_idle_ns: 881590591483 ns
[    0.000000] Zone ranges:
[    0.000000]   DMA      [mem 0x0000000000001000-0x0000000000ffffff]
[    0.000000]   DMA32    [mem 0x0000000001000000-0x000000003ffeffff]
[    0.000000]   Normal   empty
[    0.000000]   Device   empty
[    0.000000] Movable zone start for each node
[    0.000000] Early memory node ranges
[    0.000000]   node   0: [mem 0x0000000000001000-0x000000000009efff]
[    0.000000]   node   0: [mem 0x0000000000100000-0x000000003ffeffff]
[    0.000000] Reserved but unavailable: 98 pages
[    0.000000] Initmem setup node 0 [mem 0x0000000000001000-0x000000003ffeffff]
[    0.000000] ACPI: PM-Timer IO Port: 0x4008
[    0.000000] IOAPIC[0]: apic_id 2, version 32, address 0xfec00000, GSI 0-23
[    0.000000] ACPI: INT_SRC_OVR (bus 0 bus_irq 0 global_irq 2 dfl dfl)
[    0.000000] ACPI: INT_SRC_OVR (bus 0 bus_irq 9 global_irq 9 low level)
[    0.000000] Using ACPI (MADT) for SMP configuration information
[    0.000000] smpboot: Allowing 2 CPUs, 0 hotplug CPUs
[    0.000000] PM: Registered nosave memory: [mem 0x00000000-0x00000fff]
[    0.000000] PM: Registered nosave memory: [mem 0x0009f000-0x0009ffff]
[    0.000000] PM: Registered nosave memory: [mem 0x000a0000-0x000effff]
[    0.000000] PM: Registered nosave memory: [mem 0x000f0000-0x000fffff]
[    0.000000] e820: [mem 0x40000000-0xfebfffff] available for PCI devices
[    0.000000] Booting paravirtualized kernel on KVM
[    0.000000] clocksource: refined-jiffies: mask: 0xffffffff max_cycles: 0xffffffff, max_idle_ns: 7645519600211568 ns
[    0.000000] random: get_random_bytes called from start_kernel+0x99/0x4fd with crng_init=0
[    0.000000] setup_percpu: NR_CPUS:8192 nr_cpumask_bits:2 nr_cpu_ids:2 nr_node_ids:1
[    0.000000] percpu: Embedded 45 pages/cpu s147456 r8192 d28672 u1048576
[    0.000000] PV qspinlock hash table entries: 256 (order: 0, 4096 bytes)
[    0.00000] Built 1 zonlists, mobility grouping on.  Total pages: 257913
[    0.000000] Policy zone: DMA32
[    0.000000] Kernel command line: BOOT_IMAGE=/boot/vmlinuz-4.15.0-88-generic root=LABEL=cloudimg-rootfs ro console=tty1 console=ttyS0
[    0.000000] Memory:983068K/1048120K available (12300K kernel code, 2481K rwdata, 4264K rodata, 2428K init, 2712K bss, 65052K reserved, 0K cma-reserved)
[    0.000000] SLUB: HWalign=64, Order=0-3, MinObjects=0, CPUs=2, Nodes=1
[    0.000000] Kernel/User page tables isolation: enabled
[    0.000000] ftrace: allocating 39344 entries in 154 pages
[    0.004000] Hierarchical RCU implementation.
[    0.004000] 	RCU restricting CPUs from NR_CPUS=8192 to nr_cpu_ids=2.
[    0.004000] 	Tasks RCU enabled.
[    0.004000] RCU: Adjusting geometry for rcu_fanout_leaf=16, nr_cpu_ids=2
[    0.004000] NR_IRQS: 524544, nr_irqs: 440, preallocated irqs: 16
[    0.004000] Console: colour VGA+ 80x25
[    0.004000] console [tty1] enabled
[    0.004000] console [ttyS0] enabled
[    0.004000] ACPI: Core revision 20170831
[    0.004000] ACPI: 2 ACPI AML tables successfully acquired and loaded
[    0.004000] APIC: Switch to symmetric I/O mode setup
[    0.004482] x2apic enabled
[    0.008010] Switched APIC routing to physical x2apic.
[    0.011376] ..TIMER: vector=0x30 apic1=0 pin1=2 apic2=-1 pin2=-1
[    0.012008] tsc: Detected 2294.686 MHz processor
[    0.016020] Calibrating delay loop (skipped) preset value.. 4589.37 BogoMIPS (lpj=9178744)
[    0.020009] pid_max: default: 32768 minimum: 301
[    0.021342] Security Framework initialized
[    0.022486] Yama: becoming mindful.
[    0.024046] AppArmor: AppArmor initialized
[    0.026161] Dentry cache hash table entries: 131072 (order: 8, 1048576 bytes)
[    0.028120] Inode-cache hash table entries: 65536 (order: 7, 524288 bytes)
[    0.029917] Mount-cache hash table entries: 2048 (order: 2, 16384 bytes)
[    0.032015] Mountpoint-cache hash table entries: 2048 (order: 2, 16384 bytes)
[    0.034325] Last level iTLB entries: 4KB 1024, 2MB 1024, 4MB 1024
[    0.036006] Last level dTLB entries: 4KB 1024, 2MB 1024, 4MB 1024, 1GB 4
[    0.037740] Spectre V1 : Mitigation: usercopy/swapgs barriers and __user pointer sanitization
[    0.040007] Spectre V2 : Mitigation: Full generic retpoline
[    0.041484] Spectre V2 : Spectre v2 / SpectreRSB mitigation: Filling RSB on context switch
[    0.044005] Speculative Store Bypass: Vulnerable
[    0.045335] MDS: Mitigation: Clear CPU buffers
[    0.046815] Freeing SMP alternatives memory: 36K
[    0.160379] smpboot: CPU0: Intel(R) Core(TM) i5-4200U CPU @ 1.60GHz (family: 0x6, model: 0x45, stepping: 0x1)
[    0.162385] Performance Events: unsupported p6 CPU model 69 no PMU driver, software events only.
[    0.164000] Hierarchical SRCU implementation.
[    0.164721] NMI watchdog: Perf event create on CPU 0 failed with -2
[    0.165921] NMI watchdog: Perf NMI watchdog permanently disabled
[    0.167150] smp: Bringing up secondary CPUs ...
[    0.168127] x86: Booting SMP configuration:
[    0.168957] .... node  #0, CPUs:      #1
[    0.004000] kvm-clock: cpu 1, msr 0:3ff44041, secondary cpu clock
[    0.180041] smp: Brought up 1 node, 2 CPUs
[    0.180846] smpboot: Max logical packages: 1
[    0.183146] smpboot: Total of 2 processors activated (9178.74 BogoMIPS)
[    0.184198] devtmpfs: initialized
[    0.184825] x86/mm: Memory block size: 128MB
[    0.188184] evm: security.selinux
[    0.188879] evm: security.SMACK64
[    0.189601] evm: security.SMACK64EXEC
[    0.190382] evm: security.SMACK64TRANSMUTE
[    0.192009] evm: security.SMACK64MMAP
[    0.192791] evm: security.apparmor
[    0.193489] evm: security.ima
[    0.194117] evm: security.capability
[    0.196047] clocksource: jiffies: mask: 0xffffffff max_cycles: 0xffffffff, max_idle_ns: 7645041785100000 ns
[    0.197941] futex hash table entries: 512 (order: 3, 32768 bytes)
[    0.199777] pinctrl core: initialized pinctrl subsystem
[    0.200000] RTC time: 18:02:52, date: 03/07/20
[    0.200236] NET: Registered protocol family 16
[    0.204181] audit: initializing netlink subsys (disabled)
[    0.208080] audit: type=2000 audit(1583604176.598:1): state=initialized audit_enabled=0 res=1
[    0.220017] cpuidle: using governor ladder
[    0.220831] cpuidle: using governor menu
[    0.221724] ACPI: bus type PCI registered
[    0.222522] acpiphp: ACPI Hot Plug PCI Controller Driver version: 0.5
[    0.224128] PCI: Using configuration type 1 for base access
[    0.228061] HugeTLB registered 2.00 MiB page size, pre-allocated 0 pages
[    0.229326] ACPI: Added _OSI(Module Device)
[    0.232014] ACPI: Added _OSI(Processor Device)
[    0.236003] ACPI: Added _OSI(3.0 _SCP Extensions)
[    0.236912] ACPI: Added _OSI(Processor Aggregator Device)
[    0.237919] ACPI: Added _OSI(Linux-Dell-Video)
[    0.238823] ACPI: Added _OSI(Linux-Lenovo-NV-HDMI-Audio)
[    0.240020] ACPI: Added _OSI(Linux-HPI-Hybrid-Graphics)
[    0.241373] ACPI: Executed 1 blocks of module-level executable AML code
[    0.248825] ACPI: Interpreter enabled
[    0.249640] ACPI: (supports S0 S5)
[    0.250355] ACPI: Using IOAPIC for interrupt routing
[    0.251678] PCI: Using host bridge windows from ACPI; if necessary, use "pci=nocrs" and report a bug
[    0.252236] ACPI: Enabled 2 GPEs in block 00 to 07
[    0.261725] ACPI: PCI Root Bridge [PCI0] (domain 0000 [bus 00-ff])
[    0.264014] acpi PNP0A03:00: _OSC: OS supports [ASPM ClockPM Segments MSI]
[    0.265396] acpi PNP0A03:00: _OSC: not requesting OS control; OS requires [ExtendedConfig ASPM ClockPM MSI]
[    0.268029] acpi PNP0A03:00: fail to add MMCONFIG information, can't access extended PCI configuration space under this bridge.
[    0.272239] PCI host bridge to bus 0000:00
[    0.273045] pci_bus 0000:00: root bus resource [io  0x0000-0x0cf7 window]
[    0.276015] pci_bus 0000:00: root bus resource [io  0x0d00-0xffff window]
[    0.280013] pci_bus 0000:00: root bus resource [mem 0x000a0000-0x000bffff window]
[    0.284017] pci_bus 0000:00: root bus resource [mem 0x40000000-0xfdffffff window]
[    0.288012] pci_bus 0000:00: root bus resource [bus 00-ff]
[    0.294941] pci 0000:00:01.1: legacy IDE quirk: reg 0x10: [io  0x01f0-0x01f7]
[    0.296007] pci 0000:00:01.1: legacy IDE quirk: reg 0x14: [io  0x03f6]
[    0.297242] pci 0000:00:01.1: legacy IDE quirk: reg 0x18: [io  0x0170-0x0177]
[    0.300007] pci 0000:00:01.1: legacy IDE quirk: reg 0x1c: [io  0x0376]
[    0.332417] pci 0000:00:07.0: quirk: [io  0x4000-0x403f] claimed by PIIX4 ACPI
[    0.334386] pci 0000:00:07.0: quirk: [io  0x4100-0x410f] claimed by PIIX4 SMB
[    0.357633] ACPI: PCI Interrupt Link [LNKA] (IRQs 5 9 10 *11)
[    0.361081] ACPI: PCI Interrupt Link [LNKB] (IRQs 5 9 *10 11)
[    0.363417] ACPI: PCI Interrupt Link [LNKC] (IRQs 5 *9 10 11)
[    0.364300] ACPI: PCI Interrupt Link [LNKD] (IRQs 5 9 10 *11)
[    0.368833] SCSI subsystem initialized
[    0.370354] pci 0000:00:02.0: vgaarb: setting as boot VGA device
[    0.370354] pci 0000:00:02.0: vgaarb: VGA device added: decodes=io+mem,owns=io+mem,locks=none
[    0.372015] pci 0000:00:02.0: vgaarb: bridge control possible
[    0.373520] vgaarb: loaded
[    0.376453] ACPI: bus type USB registered
[    0.380169] usbcore: registered new interface driver usbfs
[    0.382617] usbcore: registered new interface driver hub
[    0.384051] usbcore: registered new device driver usb
[    0.388111] EDAC MC: Ver: 3.0.0
[    0.392308] PCI: Using ACPI for IRQ routing
[    0.393463] NetLabel: Initializing
[    0.396006] NetLabel:  domain hash size = 128
[    0.397072] NetLabel:  protocols = UNLABELED CIPSOv4 CALIPSO
[    0.400033] NetLabel:  unlabeled traffic allowed by default
[    0.404125] clocksource: Switched to clocksource kvm-clock
[    0.423861] VFS: Disk quotas dquot_6.6.0
[    0.425023] VFS: Dquot-cache hash table entries: 512 (order 0, 4096 bytes)
[    0.426752] AppArmor: AppArmor Filesystem Enabled
[    0.437378] pn: PnP ACPI init
[    0.468922] pnp: PnP ACPI: found 3 devices

[    0.481320] clocksource: acpi_pm: mask: 0xffffff max_cycles: 0xffffff, max_idle_ns: 2085701024 ns
[    0.483573] NET: Registered protocol family 2
[    0.484930] TCP established hash table entries: 8192 (order: 4, 65536 bytes)
[    0.487254] TCP bind hash table entries: 8192 (order: 5, 131072 bytes)
[    0.505439] TCP: Hash tables configured (established 8192 bind 8192)
[    0.519261] UDP hash table entries: 512 (order: 2, 16384 bytes)
[    0.520892] UDP-Lite hash table entries: 512 (order: 2, 16384 bytes)
[    0.522628] NET: Registered protocol family 1
[    0.523841] pci 0000:00:00.0: Limiting direct PCI/PCI transfers
[    0.525431] pci 0000:00:01.0: Activating ISA DMA hang workarounds
[    0.527116] pci 0000:00:02.0: Video device with shadowed ROM at [mem 0x000c0000-0x000dffff]
[    0.529732] Unpacking initramfs...
[    0.978727] Freeing initrd memory: 19204K
[    0.981358] clocksource: tsc: mask: 0xffffffffffffffff max_cycles: 0x211399552f8, max_idle_ns: 440795292447 ns
[    1.005608] platform rtc_cmos: registered platform RTC device (no PNP device found)
[    1.007630] Scanning for low memory corruption every 60 seconds
[    1.020337] Initialise system trusted keyrings
[    1.021286] Key type blacklist registered
[    1.025185] workingset: timestamp_bits=36 max_order=18 bucket_order=0
[    1.051649] zbud: loaded
[    1.053186] squashfs: version 4.0 (2009/01/31) Phillip Lougher
[    1.054834] fuse init (API version 7.26)
[    1.059536] Key type asymmetric registered
[    1.066240] Asymmetric key parser 'x509' registered
[    1.079528] Block layer SCSI generic (bsg) driver version 0.4 loaded (major 246)
[    1.088428] io scheduler noop registered
[    1.089620] io scheduler deadline registered
[    1.090849] io scheduler cfq registered (default)
[    1.092662] ACPI: AC Adapter [AC] (on-line)
[    1.093897] input: Power Button as /devices/LNXSYSTM:00/LNXPWRBN:00/input/input0
[    1.096005] ACPI: Power Button [PWRF]
[    1.097228] input: Sleep Button as /devices/LNXSYSTM:00/LNXSLPBN:00/input/input1
[    1.107444] ACPI: Sleep Button [SLPF]
[    1.125341] ACPI: Battery Slot [BAT0] (battery present)
[    1.126688] Serial: 8250/16550 driver, 32 ports, IRQ sharing enabled
[    1.151839] 00:02: ttyS0 at I/O 0x3f8 (irq = 4, base_baud = 115200) is a 16550A
[    1.160879] Linux agpgart interface v0.103
[    1.164665] loop: module loaded
[    1.175427] scsi host0: ata_piix
[    1.176794] scsi host1: ata_piix
[    1.177727] ata1: PATA max UDMA/33 cmd 0x1f0 ctl 0x3f6 bmdma 0xd000 irq 14
[    1.179302] ata2: PATA max UDMA/33 cmd 0x170 ctl 0x376 bmdma 0xd008 irq 15
[    1.194186] libphy: Fixed MDIO Bus: probed
[    1.200741] tun: Universal TUN/TAP device driver, 1.6
[    1.208427] PPP generic driver version 2.4.2
[    1.209870] ehci_hcd: USB 2.0 'Enhanced' Host Controller (EHCI) Driver
[    1.211611] ehci-pci: EHCI PCI platform driver
[    1.219288] ehci-platform: EHCI generic platform driver
[    1.238037] ohci_hcd: USB 1.1 'Open' Host Controller (OHCI) Driver
[    1.242088] ohci-pci: OHCI PCI platform driver
[    1.243352] ohci-platform: OHCI generic platform driver
[    1.245003] uhci_hcd: USB Universal Host Controller Interface driver
[    1.246772] i8042: PNP: PS/2 Controller [PNP0303:PS2K,PNP0f03:PS2M] at 0x60,0x64 irq 1,12
[    1.259935] serio: i8042 KBD port at 0x60,0x64 irq 1
[    1.271950] serio: i8042 AUX port at 0x60,0x64 irq 12
[    1.275702] mousedev: PS/2 mouse device common for all mice
[    1.303660] input: AT Translated Set 2 keyboard as /devices/platform/i8042/serio0/input/input2
[    1.311186] rtc_cmos rtc_cmos: rtc core: registered rtc_cmos as rtc0
[    1.329218] rtc_cmos rtc_cmos: alarms up to one day, 114 bytes nvram
[    1.330750] i2c /dev entries driver
[    1.331722] device-mapper: uevent: version 1.0.3
[    1.350047] device-mapper: ioctl: 4.37.0-ioctl (2017-09-20) initialised: dm-devel@redhat.com
[    1.352269] ledtrig-cpu: registered to indicate activity on CPUs
[    1.354259] NET: Registered protocol family 10
[    1.361451] Segment Routing with IPv6
[    1.362312] NET: Registered protocol family 17
[    1.376426] Key type dns_resolver registered
[    1.377798] mce: Using 0 MCE banks
[    1.378665] RAS: Correctable Errors collector initialized.
[    1.406620] sched_clock: Marking stable (1406572834, 0)->(2405010413, -998437579)
[    1.435750] registered taskstats version 1
[    1.438246] Loading compiled-in X.509 certificates
[    1.443303] Loaded X.509 cert 'Build time autogenerated kernel key: f0020782f0d3a548186fb3f47aed88387a71e859'
[    1.445762] zswap: loaded using pool lzo/zbud
[    1.451809] Key type big_key registered
[    1.453048] Key type trusted registered
[    1.456131] Key type encrypted registered
[    1.457207] AppArmor: AppArmor sha1 policy hashing enabled
[    1.458490] ima: No TPM chip found, activating TPM-bypass! (rc=-19)
[    1.459937] ima: Allocated hash algorithm: sha1
[    1.466627] evm: HMAC attrs: 0x1
[    1.467978]   Magic number: 12:377:38
[    1.469141] bdi 7:3: hash matches
[    1.470233] rtc_cmos rtc_cmos: setting system clock to 2020-03-07 18:02:53 UTC (1583604173)
[    1.477958] BIOS EDD facility v0.16 2004-Jun-25, 0 devices found
[    1.479520] EDD information not available.
[    1.485363] Freeing unused kernel image memory: 2428K
[    1.500078] Write protecting the kernel read-only data: 20480k
[    1.509492] Freeing unused kernel image memory: 2008K
[    1.511171] Freeing unused kernel image memory: 1880K
[    1.531785] x86/mm: Checked W+X mappings: passed, no W+X pages found.
[    2.139182] x86/mm: Checking user space page tables
[    2.186279] x86/mm: Checked W+X mappings: passed, no W+X pages found.
Loading, please wait...
starting version 237
[    2.311842] e1000: Intel(R) PRO/1000 Network Driver - version 7.3.21-k8-NAPI
[    2.328269] e1000: Copyright (c) 1999-2006 Intel Corporation.
[    2.337995] Fusion MPT base driver 3.04.20
[    2.339050] Copyright (c) 1999-2008 LSI Corporation
[    2.360915] AVX2 version of gcm_enc/dec engaged.
[    2.378199] AES CTR mode by8 optimization enabled
[    2.405998] Fusion MPT SPI Host driver 3.04.20
[    2.538033] input: ImExPS/2 Generic Explorer Mouse as /devices/platform/i8042/serio1/input/input4
[    2.780854] e1000 0000:00:03.0 eth0: (PCI:33MHz:32-bit) 02:2a:ce:cf:0d:74
[    2.788262] e1000 0000:00:03.0 eth0: Intel(R) PRO/1000 Network Connection
[    2.790802] mptbase: ioc0: Initiating bringup
[    2.884405] ioc0: LSI53C1030 A0: Capabilities={Initiator}
[    3.126052] scsi host2: ioc0: LSI53C1030 A0, FwRev=00000000h, Ports=1, MaxQ=256, IRQ=20
[    3.296670] scsi 2:0:0:0: Direct-Access     VBOX     HARDDISK         1.0  PQ: 0 ANSI: 5
[    3.348175] scsi target2:0:0: Beginning Domain Validation
[    3.351245] scsi target2:0:0: Domain Validation skipping write tests
[    3.353001] scsi target2:0:0: Ending Domain Validation
[    3.354438] scsi target2:0:0: asynchronous
[    3.355976] scsi 2:0:1:0: Direct-Access     VBOX     HARDDISK         1.0  PQ: 0 ANSI: 5
[    3.683707] scsi target2:0:1: Beginning Domain Validation
[    3.686009] random: fast init done
[    3.687539] scsi target2:0:1: Domain Validation skipping write tests
[    3.700575] scsi target2:0:1: Ending Domain Validation
[    3.703351] scsi target2:0:1: asynchronous
[    3.711220] random: systemd-udevd: uninitialized urandom read (16 bytes read)
[    3.715470] e1000 0000:00:08.0 eth1: (PCI:33MHz:32-bit) 08:00:27:72:af:c1
[    3.739308] sd 2:0:0:0: Attached scsi generic sg0 type 0
[    3.748885] e1000 0000:00:08.0 eth1: Intel(R) PRO/1000 Network Connection
[    3.762860] sd 2:0:1:0: Attached scsi generic sg1 type 0
[    3.808882] random: systemd-udevd: uninitialized urandom read (16 bytes read)
[    3.813710] random: systemd-udevd: uninitialized urandom read (16 bytes read)
[    3.817926] e1000 0000:00:08.0 enp0s8: renamed from eth1
[    3.818977] sd 2:0:0:0: [sda] 20971520 512-byte logical blocks: (10.7 GB/10.0 GiB)
[    3.821001] sd 2:0:1:0: [sdb] 20480 512-byte logical blocks: (10.5 MB/10.0 MiB)
[    3.822883] sd 2:0:0:0: [sda] Write Protect is off
[    3.824115] sd 2:0:1:0: [sdb] Write Protect is off
[    3.825538] sd 2:0:0:0: [sda] Incomplete mode parameter data
[    3.826946] sd 2:0:0:0: [sda] Assuming drive cache: write through
[    3.828955] sd 2:0:1:0: [sdb] Incomplete mode parameter data
[    3.847576] sd 2:0:1:0: [sdb] Assuming drive cache: write through
[    3.852229] e1000 0000:00:03.0 enp0s3: renamed from eth0
[    3.871952]  sda: sda1
[    3.874056] sd 2:0:0:0: [sda] Attached SCSI disk
[    3.890827] sd 2:0:1:0: [sdb] Attached SCSI disk
Begin: Loading essential drivers ... [    5.532098] raid6: sse2x1   gen()  7197 MB/s
[    5.580063] raid6: sse2x1   xor()  4806 MB/s
[    5.633370] raid6: sse2x2   gen()  6025 MB/s
[    5.688044] raid6: sse2x2   xor()  3784 MB/s
[    5.736257] raid6: sse2x4   gen()  6349 MB/s
[    5.784046] raid6: sse2x4   xor()  5161 MB/s
[    5.832043] raid6: avx2x1   gen() 14113 MB/s
[    5.880036] raid6: avx2x1   xor()  9734 MB/s
[    5.928064] raid6: avx2x2   gen() 11504 MB/s
[    5.984063] raid6: avx2x2   xor()  6801 MB/s
[    6.036059] raid6: avx2x4   gen() 13326 MB/s
[    6.084075] raid6: avx2x4   xor()  8669 MB/s
[    6.085372] raid6: using algorithm avx2x1 gen() 14113 MB/s
[    6.086722] raid6: .... xor() 9734 MB/s, rmw enabled
[    6.087924] raid6: using avx2x2 recovery algorithm
[    6.091628] xor: automatically using best checksumming function   avx       
[    6.096023] async_tx: api initialized (async)
done.
Begin: Running /scripts/init-premount ... done.
Begin: Mounting root file system ... Begin: Running /scripts/local-top ... done.
Begin: Running /scripts/local-premount ... [    6.175284] Btrfs loaded, crc32c=crc32c-intel
Scanning for Btrfs filesystems
done.
Warning: fsck not present, so skipping root file system
[    6.243664] EXT4-fs (sda1): mounted filesystem with ordered data mode. Opts: (null)
done.
Begin: Running /scripts/local-bottom ... done.
Begin: Running /scripts/init-bottom ... done.
[    7.158450] ip_tables: (C) 2000-2006 Netfilter Core Team
[    7.250520] systemd[1]: systemd 237 running in system mode. (+PAM +AUDIT +SELINUX +IMA +APPARMOR +SMACK +SYSVINIT +UTMP +LIBCRYPTSETUP +GCRYPT +GNUTLS +ACL +XZ +LZ4 +SECCOMP +BLKID +ELFUTILS +KMOD -IDN2 +IDN -PCRE2 default-hierarchy=hybrid)
[    7.270723] systemd[1]: Detected virtualization oracle.
[    7.271745] systemd[1]: Detected architecture x86-64.

Welcome to [1mUbuntu 18.04.4 LTS[0m!

[    7.316320] systemd[1]: Set hostname to <ubuntu>.
[    7.360129] systemd[1]: Initializing machine ID from random generator.
[    7.361555] systemd[1]: Installed transient /etc/machine-id file.
[    8.305762] random: crng init done
[    8.310031] random: 7 urandom warning(s) missed due to ratelimiting
[    8.954979] systemd[1]: Created slice System Slice.
[[0;32m  OK  [0m] Created slice System Slice.
[    8.979777] systemd[1]: Listening on Journal Audit Socket.
[[0;32m  OK  [0m] Listening on Journal Audit Socket.
[    8.982871] systemd[1]: Reached target User and Group Name Lookups.
[[0;32m  OK  [0m] Reached target User and Group Name Lookups.
[    9.022908] systemd[1]: Listening on LVM2 poll daemon socket.
[[0;32m  OK  [0m] Listening on LVM2 poll daemon socket.
[[0;32m  OK  [0m] Listening on udev Kernel Socket.
[[0;32m  OK  [0m] Listening on Journal Socket (/dev/log).
[[0;32m  OK  [0m] Listening on Journal Socket.
         Mounting Kernel Debug File System...
         Starting Create list of required st…ce nodes for the current kernel...
[[0;32m  OK  [0m] Created slice system-serial\x2dgetty.slice.
         Starting Load Kernel Modules...
         Mounting Huge Pages File System...
[[0;32m  OK  [0m] Listening on Network Service Netlink Socket.
[[0;32m  OK  [0m] Listening on Syslog Socket.
[[0;32m  OK  [0m] Set up automount Arbitrary Executab…rmats File System Automount Point.
[[0;32m  OK  [0m] Reached target System Time Synchronized.
[[0;32m  OK  [0m] Listening on /dev/initctl Compatibility Named Pipe.
         Starting Journal Service...
[[0;32m  OK  [0m] Reached target Swap.
[[0;32m  OK  [0m] Listening on udev Control Socket.
         Starting udev Coldplug all Devices...
[[0;32m  OK  [0m] Started Forward Password Requests to Wall Directory Watch.
         Starting Set the console keyboard layout...
[    9.169377] Loading iSCSI transport class v2.0-870.
         Mounting POSIX Message Queue File System...
         Starting Uncomplicated firewall...
[[0;32m  OK  [0m] Listening on LVM[    9.184970] iscsi: registered transport (tcp)
2 metadata daemon socket.
[[0;32m  OK  [0m] Listening on Device-mapper event daemon FIFOs.
         Starting Monitoring of LVM2 mirrors…ng dmeventd or progress polling...
         Starting Remount Root and Kernel File Systems...
[[0;32m  OK  [0m] Created slice User and Session Slice.
[[0;32m  OK  [0m] Reached target Slices.
[[0;32m  OK  [0m] Mounted Kernel Debug File System.
[[0;32m  OK  [0m] Started Create list of required sta…vice nodes for the current kernel.
[[0;32m  OK  [0m] Mounted Huge Pages File System.
[[0;32m  OK  [0m] Mounted POSIX Message Queue File System.
         Starting Create Static Device Nodes in /dev...
[[0;32m  OK  [0m] Started udev Coldplug all Devices.
[[0;32m  OK  [0m] Started Uncomplicated firewall.
[[0;32m  OK  [0m] Started Journal Service.
[    9.406687] iscsi: registered transport (iser)
[[0;32m  OK  [0m] Started Load Kernel Modules.
         Mounting FUSE Control File System...
         Starting Apply Kernel Variables...
         Mounting Kernel Configuration File System...
[[0;32m  OK  [0m] Mounted FUSE Control File System.
[[0;32m  OK  [0m] Mounted Kernel Configuration File System.
[    9.534198] EXT4-fs (sda1): re-mounted. Opts: (null)
[[0;32m  OK  [0m] Started Remount Root and Kernel File Systems.
         Starting Load/Save Random Seed...
         Starting Flush Journal to Persistent Storage...
[[0;32m  OK  [0m] Started Create Static Device Nodes in /dev.
         Starting udev Kernel Device Manager...
[[0;32m  OK  [0m] Started Apply Kernel Variables.
[[0;32m  OK  [0m] Started LVM2 metadata daemon.
[[0;32m  OK  [0m] Started Load/Save Random Seed.
[[0;32m  OK  [0m] Started Set the console keyboard layout.
[[0;32m  OK  [0m] Started Monitoring of LVM2 mirrors,…sing dmeventd or progress polling.
[[0;32m  OK  [0m] Started udev Kernel Device Manager.
[[0;32m  OK  [0m] Started Flush Journal to Persistent Storage.
[[0;32m  OK  [0m] Started Dispatch Password Requests to Console Directory Watch.
[[0;32m  OK  [0m] Reached target Local Encrypted Volumes.
[[0;32m  OK  [0m] Reached target Local File Systems (Pre).
[[0;32m  OK  [0m] Reached target Local File Systems.
         Starting Tell Plymouth To Write Out Runtime Data...
         Starting Create Volatile Files and Directories...
         Starting AppArmor initialization...
         Starting Set console font and keymap...
         Starting Commit a transient machine-id on disk...
         Starting ebtables ruleset management...
[[0;32m  OK  [0m] Started Tell Plymouth To Write Out Runtime Data.
[[0;32m  OK  [0m] Started Create Volatile Files and Directories.
[[0;32m  OK  [0m] Started Set console font and keymap.
         Starting Update UTMP about System Boot/Shutdown...
[[0;32m  OK  [0m] Started Commit a transient machine-id on disk.
[[0;32m  OK  [0m] Started Update UTMP about System Boot/Shutdown.
[[0;32m  OK  [0m] Found device /dev/ttyS0.
[[0;32m  OK  [0m] Started ebtables ruleset management.
[[0;32m  OK  [0m] Listening on Load/Save RF Kill Switch Status /dev/rfkill Watch.
[[0;32m  OK  [0m] Started AppArmor initialization.
         Starting Initial cloud-init job (pre-networking)...
[   16.491785] cloud-init[542]: Cloud-init v. 19.4-33-gbb4131a2-0ubuntu1~18.04.1 running 'init-local' at Sat, 07 Mar 2020 18:03:07 +0000. Up 15.83 seconds.
[[0;32m  OK  [0m] Started Initial cloud-init job (pre-networking).
[[0;32m  OK  [0m] Reached target Network (Pre).
         Starting Network Service...
[[0;32m  OK  [0m] Started Network Service.
         Starting Network Name Resolution...
         Starting Wait for Network to be Configured...
[[0;32m  OK  [0m] Started Network Name Resolution.
[[0;32m  OK  [0m] Reached target Network.
[[0;32m  OK  [0m] Reached target Host and Network Name Lookups.
[[0;32m  OK  [0m] Started Wait for Network to be Configured.
         Starting Initial cloud-init job (metadata service crawler)...
[   19.274581] cloud-init[675]: Cloud-init v. 19.4-33-gbb4131a2-0ubuntu1~18.04.1 running 'init' at Sat, 07 Mar 2020 18:03:11 +0000. Up 18.99 seconds.
[   19.342842] cloud-init[675]: ci-info: ++++++++++++++++++++++++++++++++++++++Net device info++++++++++++++++++++++++++++++++++++++
[   19.460197] cloud-init[675]: ci-info: +--------+-------+---------------------------+---------------+--------+-------------------+
[   19.485474] cloud-init[675]: ci-info: | Device |   Up  |          Address          |      Mask     | Scope  |     Hw-Address    |
[   19.497910] cloud-init[675]: ci-info: +--------+-------+---------------------------+---------------+--------+-------------------+
[   19.527125] cloud-init[675]: ci-info: | enp0s3 |  True |         10.0.2.15         | 255.255.255.0 | global | 02:2a:ce:cf:0d:74 |
[   19.549232] cloud-init[675]: ci-info: | enp0s3 |  True | fe80::2a:ceff:fecf:d74/64 |       .       |  link  | 02:2a:ce:cf:0d:74 |
[   19.551548] cloud-init[675]: ci-info: | enp0s8 | False |             .             |       .       |   .    | 08:00:27:72:af:c1 |
[   19.648912] cloud-init[675]: ci-info: |   lo   |  True |         127.0.0.1         |   255.0.0.0   |  host  |         .         |
[   19.663361] cloud-init[675]: ci-info: |   lo   |  True |          ::1/128          |       .       |  host  |         .         |
[   19.677709] cloud-init[675]: ci-info: +--------+-------+---------------------------+---------------+--------+-------------------+
[   19.693682] cloud-init[675]: ci-info: ++++++++++++++++++++++++++++Route IPv4 info+++++++++++++++++++++++++++++
[   19.695793] cloud-init[675]: ci-info: +-------+-------------+----------+-----------------+-----------+-------+
[   19.713746] cloud-init[675]: ci-info: | Route | Destination | Gateway  |     Genmask     | Interface | Flags |
[   19.764713] cloud-init[675]: ci-info: +-------+-------------+----------+-----------------+-----------+-------+
[   19.842329] cloud-init[675]: ci-info: |   0   |   0.0.0.0   | 10.0.2.2 |     0.0.0.0     |   enp0s3  |   UG  |
[   19.847673] cloud-init[675]: ci-info: |   1   |   10.0.2.0  | 0.0.0.0  |  255.255.255.0  |   enp0s3  |   U   |
[   19.849623] cloud-init[675]: ci-info: |   2   |   10.0.2.2  | 0.0.0.0  | 255.255.255.255 |   enp0s3  |   UH  |
[   19.851508] cloud-init[675]: ci-info: +-------+-------------+----------+-----------------+-----------+-------+
[   19.869226] cloud-init[675]: ci-info: +++++++++++++++++++Route IPv6 info+++++++++++++++++++
[   19.896714] cloud-init[675]: ci-info: +-------+-------------+---------+-----------+-------+
[   19.899271] cloud-init[675]: ci-info: | Route | Destination | Gateway | Interface | Flags |
[   19.901722] cloud-init[675]: ci-info: +-------+-------------+---------+-----------+-------+
[   19.944796] cloud-init[675]: ci-info: |   1   |  fe80::/64  |    ::   |   enp0s3  |   U   |
[   19.968299] cloud-init[675]: ci-info: |   3   |    local    |    ::   |   enp0s3  |   U   |
[   19.972723] cloud-init[675]: ci-info: |   4   |   ff00::/8  |    ::   |   enp0s3  |   U   |
[   19.977424] cloud-init[675]: ci-info: +-------+-------------+---------+-----------+-------+
[   21.185602] cloud-init[675]: Generating public/private rsa key pair.
[   21.207672] cloud-init[675]: Your identification has been saved in /etc/ssh/ssh_host_rsa_key.
[   21.232277] cloud-init[675]: Your public key has been saved in /etc/ssh/ssh_host_rsa_key.pub.
[   21.241343] cloud-init[675]: The key fingerprint is:
[   21.246413] cloud-init[675]: SHA256:0S5mMlGjcAHiBDDEk+4VoqEa+2FAe6C/nj5J1rkb8Hs root@ubuntu-bionic
[   21.254314] cloud-init[675]: The key's randomart image is:
[   21.258115] cloud-init[675]: +---[RSA 2048]----+
[   21.261517] cloud-init[675]: |Bo+ o.o.o        |
[   21.264755] cloud-init[675]: |.@ o o o o       |
[   21.266331] cloud-init[675]: |*.* . o . .      |
[   21.268470] cloud-init[675]: |*o o   . o       |
[   21.278228] cloud-init[675]: |o=+. .o S .      |
[[0;32m  OK  [0m[   21.292409] ] cloud-initStarted Initial cloud-init job (metadata service crawler).[675]: 
|o.*oo  = .       |
[[0;32m  OK  [0m[   21.336333] cloud-init[675]: | = +o.           |
[   21.336833] cloud-init[675]: |  =..oE          |
[   21.337229] cloud-init[675]: | o+.oo           |
[   21.337666] cloud-init[675]: +----[SHA256]-----+
] Reached target System Initialization.
[   21.338262] cloud-init[675]: Generating public/private dsa key pair.
[[   21.380288] cloud-init[675]: Your identification has been saved in /etc/ssh/ssh_host_dsa_key.
[   21.380531] cloud-init[675]: Your public key has been saved in /etc/ssh/ssh_host_dsa_key.pub.
[   21.380987] cloud-init[675]: The key fingerprint is:
[   21.381450] cloud-init[675]: SHA256:209JsVpAAd/qaAFTYVwUMfUi1GSmTGhB2JxXtugURx8 root@ubuntu-bionic
[   21.382013] cloud-init[675]: The key's randomart image is:
[0;32m  OK  [0m] Listening on D-Bus System Message Bus Socket.
[   21.382221] cloud-init[675]: +---[DSA 1024]----+
[[   21.496400] cloud-init[675]: |       *BO%XX E  |
[   21.496569] cloud-init[675]: [0;32m  OK  [0m|      .oB*.@.+ . |] 
Started Daily apt download activities.
[   21.496731] cloud-init[675]: |      o. .O = o  |
[[0;32m  OK  [0m[   21.564621] cloud-init[675]: |       o o + +   |
[   21.565683] cloud-init[675]: |        S o +    |
[   21.566620] cloud-init[675]: |         * + .   |
[   21.567524] ] cloud-init[675]: |        + + o    |
[   21.568560] cloud-init[675]: |       .   o     |
Listening on UUID daemon activation socket.[   21.569210] 
cloud-init[675]: |            .    |
[   21.578027] cloud-init[675]: +----[SHA256]-----+
         [   21.588894] cloud-init[675]: Generating public/private ecdsa key pair.
[   21.589322] cloud-init[675]: Your identification has been saved in /etc/ssh/ssh_host_ecdsa_key.
Starting LXD - unix socket.
[   21.589525] cloud-init[675]: Your public key has been saved in /etc/ssh/ssh_host_ecdsa_key.pub.
[[   21.650832] cloud-init[675]: The key fingerprint is:
[   21.651024] cloud-init[675]: SHA256:38LfN+PifrWk9OzV8TyxdHr9Tz2SK2IbX37lGXnFrZc root@ubuntu-bionic
[   21.651466] cloud-init[675]: The key's randomart image is:
[   21.651876] cloud-init[675]: +---[ECDSA 256]---+
[   21.652338] cloud-init[675]: |                 |
[   21.652763] cloud-init[675]: |                 |
[   21.653193] cloud-init[675]: |               ..|
[   21.653631] cloud-init[675]: |                +|
[   21.654190] cloud-init[675]: |        S      ==|
[   21.654606] cloud-init[675]: |         o . .+E#|
[   21.655040] cloud-init[675]: |         .+ o+**^|
[   21.655469] cloud-init[675]: |         oo+o+o%B|
[   21.655899] cloud-init[675]: |        ..o.==B+*|
[   21.656360] cloud-init[675]: +----[SHA256]-----+
[   21.656781] cloud-init[675]: Generating public/private ed25519 key pair.
[0;32m  OK  [0m] Started Message of the Day.
[   21.657502] cloud-init[675]: Your identification has been saved in /etc/ssh/ssh_host_ed25519_key.
         [   21.776399] Starting Socket activation for snappy daemon.cloud-init
[675]: Your public key has been saved in /etc/ssh/ssh_host_ed25519_key.pub.
[   21.871071] cloud-init[675]: The key fingerprint is:
[[   21.896828] cloud-init[675]: SHA256:lbC89JKWUq7iscTTOrOzqvmipQvSeQVZqezdCir7wPw root@ubuntu-bionic
[   21.897057] cloud-init[675]: [0;32m  OK  [0mThe key's randomart image is:] 
Listening on Open-iSCSI iscsid Socket.
[   21.897207] cloud-init[675]: +--[ED25519 256]--+
[[0;32m  OK  [0m] Started Daily Cleanup of Temporary Directories.
[   21.935974] cloud-init[675]: |      ...        |
[[0;32m  OK  [0m[   21.942884] cloud-init[675]: |     o.. o .     |
[   21.943598] cloud-init[675]: |   .o.  = o      |
[   21.944109] cloud-init[675]: |    o. + *       |
[   21.944592] cloud-init[675]: |   . .o.S .      |
[   21.945032] cloud-init[675]: |o. ooo.+..       |
[   21.945541] cloud-init[675]: |+o+.B.o.         |
[   21.946058] cloud-init[675]: |==o++*.          |
] Started Discard unused blocks once a week.
[   21.946707] cloud-init[675]: |OO+E**           |
[   22.031538] cloud-init[675]: +----[SHA256]-----+
[[0;32m  OK  [0m] Listening on ACPID Listen Socket.
[[0;32m  OK  [0m] Started Daily apt upgrade and clean activities.
[[0;32m  OK  [0m] Reached target Timers.
[[0;32m  OK  [0m] Started ACPI Events Check.
[[0;32m  OK  [0m] Reached target Paths.
[[0;32m  OK  [0m] Reached target Cloud-config availability.
[[0;32m  OK  [0m] Reached target Network is Online.
         Starting Availability of block devices...
[[0;32m  OK  [0m] Reached target Remote File Systems (Pre).
[[0;32m  OK  [0m] Reached target Remote File Systems.
[[0;32m  OK  [0m] Listening on LXD - unix socket.
[[0;32m  OK  [0m] Listening on Socket activation for snappy daemon.
[[0;32m  OK  [0m] Started Availability of block devices.
[[0;32m  OK  [0m] Reached target Sockets.
[[0;32m  OK  [0m] Reached target Basic System.
         Starting LSB: Record successful boot for GRUB...
[[0;32m  OK  [0m] Started FUSE filesystem for LXC.
[[0;32m  OK  [0m] Started irqbalance daemon.
         Starting System Logging Service...
         Starting Accounts Service...
         Starting Login Service...
         Starting Pollinate to seed the pseudo random number generator...
         Starting Snappy daemon...
[[0;32m  OK  [0m] Started D-Bus System Message Bus.
[[0;32m  OK  [0m] Started Login Service.
[[0;32m  OK  [0m] Started Unattended Upgrades Shutdown.
[[0;32m  OK  [0m] Started Regular background program processing daemon.
         Starting Permit User Sessions...
         Starting Dispatcher daemon for systemd-networkd...
         Starting Virtualbox guest utils...
[[0;32m  OK  [0m] Started Deferred execution scheduler.
         Starting LSB: automatic crash report generation...
         Starting LXD - container startup/shutdown...
[[0;32m  OK  [0m] Started System Logging Service.
[[0;32m  OK  [0m] Started Permit User Sessions.
         Starting Authorization Manager...
         Starting Terminate Plymouth Boot Screen...
         Starting Hold until boot process finishes up...
[[0;32m  OK  [0m] Started Terminate Plymouth Boot Screen.
[[0;32m  OK  [0m] Started Hold until boot process finishes up.
[[0;32m  OK  [0m] Started Serial Getty on ttyS0.
         Starting Set console scheme...
[[0;32m  OK  [0m] Started Set console scheme.
[[0;32m  OK  [0m] Created slice system-getty.slice.
[[0;32m  OK  [0m] Started Getty on tty1.
[[0;32m  OK  [0m] Reached target Login Prompts.
[[0;32m  OK  [0m] Started LSB: Record successful boot for GRUB.
[[0;32m  OK  [0m] Started LSB: automatic crash report generation.
[[0;32m  OK  [0m] Started Authorization Manager.
[[0;32m  OK  [0m] Started Accounts Service.
[[0;32m  OK  [0m] Started Virtualbox guest utils.
[[0;32m  OK  [0m] Started Dispatcher daemon for systemd-networkd.
[[0;32m  OK  [0m] Started LXD - container startup/shutdown.
[[0;32m  OK  [0m] Started Snappy daemon.
         Starting Wait until snapd is fully seeded...
[[0;32m  OK  [0m] Started Pollinate to seed the pseudo random number generator.
         Starting OpenBSD Secure Shell server...
[[0;32m  OK  [0m] Started OpenBSD Secure Shell server.

Ubuntu 18.04.4 LTS ubuntu-bionic ttyS0

ubuntu-bionic login: [   33.793466] cloud-init[1358]: Cloud-init v. 19.4-33-gbb4131a2-0ubuntu1~18.04.1 running 'modules:config' at Sat, 07 Mar 2020 18:03:24 +0000. Up 32.45 seconds.
ci-info: no authorized SSH keys fingerprints found for user ubuntu.
<14>Mar  7 18:03:26 ec2: 
<14>Mar  7 18:03:26 ec2: #############################################################
<14>Mar  7 18:03:26 ec2: -----BEGIN SSH HOST KEY FINGERPRINTS-----
<14>Mar  7 18:03:26 ec2: 1024 SHA256:209JsVpAAd/qaAFTYVwUMfUi1GSmTGhB2JxXtugURx8 root@ubuntu-bionic (DSA)
<14>Mar  7 18:03:26 ec2: 256 SHA256:38LfN+PifrWk9OzV8TyxdHr9Tz2SK2IbX37lGXnFrZc root@ubuntu-bionic (ECDSA)
<14>Mar  7 18:03:26 ec2: 256 SHA256:lbC89JKWUq7iscTTOrOzqvmipQvSeQVZqezdCir7wPw root@ubuntu-bionic (ED25519)
<14>Mar  7 18:03:26 ec2: 2048 SHA256:0S5mMlGjcAHiBDDEk+4VoqEa+2FAe6C/nj5J1rkb8Hs root@ubuntu-bionic (RSA)
<14>Mar  7 18:03:26 ec2: -----END SSH HOST KEY FINGERPRINTS-----
<14>Mar  7 18:03:26 ec2: #############################################################
-----BEGIN SSH HOST KEY KEYS-----
ecdsa-sha2-nistp256 AAAAE2VjZHNhLXNoYTItbmlzdHAyNTYAAAAIbmlzdHAyNTYAAABBBKqPQbvwwdiDi1G084VMTQEpTqOGktomxa4FEnlcjtjvS0LYvR+lsvvrfnrkNxe3AxavCKKS4MLgfSzXOlle6YQ= root@ubuntu-bionic
ssh-ed25519 AAAAC3NzaC1lZDI1NTE5AAAAIE4+cTHnYxr2qPcTTl9yCP6HuPAouPtbRUk684r4Pe6k root@ubuntu-bionic
ssh-rsa AAAAB3NzaC1yc2EAAAADAQABAAABAQC/rZr1Sw9SEgKnipKbU4iTSIe1mrOQ7isuKE+LtrM5FX9Oj0VsCby6Cn+5T9ICCImWci3WNhMEhQFLvgycm8osDrbHu9AIyZ2WRqKZdWGKcGjyE/KCPytliofYM/9QDIL4RwTn9xDDleMrPsdtLRaAGj5OCoRtkbd2BYGq7j7qyAxDCqhDB0tg7dd//ETsC/M37dXAompAR/AjYOBxnZoBI611yDvXBOmXxzJQDz51mRhMYnt6xgHqATXDQKHKEQlbZ07q+Ai/A6T5LeM9WTTUUbVhbdLDot7y6q+zWTKrfLoCCSMAcMPuZNU4LTM8lbkQ/+HYG98WqwLk+osGOuDZ root@ubuntu-bionic
-----END SSH HOST KEY KEYS-----
[   34.573758] cloud-init[1511]: Cloud-init v. 19.4-33-gbb4131a2-0ubuntu1~18.04.1 running 'modules:final' at Sat, 07 Mar 2020 18:03:26 +0000. Up 34.38 seconds.
[   34.573871] cloud-init[1511]: ci-info: no authorized SSH keys fingerprints found for user ubuntu.
[   34.573961] cloud-init[1511]: Cloud-init v. 19.4-33-gbb4131a2-0ubuntu1~18.04.1 finished at Sat, 07 Mar 2020 18:03:26 +0000. Datasource DataSourceNoCloud [seed=/dev/sdb][dsmode=net].  Up 34.56 seconds
